<?xml version="1.0" encoding="UTF-8"?>
<!-- Generated by org.testng.reporters.JUnitReportReporter -->
<testsuite hostname="LTPC0K7AG1" failures="0" tests="3" name="FirstTestNgPackage.FirstTestngClass" time="0.018" errors="0" timestamp="30 Jul 2019 08:27:15 GMT" skipped="0">
  <testcase classname="FirstTestNgPackage.FirstTestngClass" name="b_test" time="0.012"/>
  <testcase classname="FirstTestNgPackage.FirstTestngClass" name="c_test" time="0.003"/>
  <testcase classname="FirstTestNgPackage.FirstTestngClass" name="a_test" time="0.003"/>
</testsuite> <!-- FirstTestNgPackage.FirstTestngClass -->
