<?xml version="1.0" encoding="UTF-8"?>
<!-- Generated by org.testng.reporters.JUnitReportReporter -->
<testsuite hostname="LTPC0K7AG1" failures="0" tests="4" name="FirstTestNgPackage.TC_Class1" time="6.744" errors="0" timestamp="30 Jul 2019 08:41:07 GMT" skipped="0">
  <testcase classname="FirstTestNgPackage.TC_Class1" name="tc01LaunchURL" time="3.988"/>
  <testcase classname="FirstTestNgPackage.TC_Class1" name="tc05VerifyHyperlinks" time="0.112"/>
  <testcase classname="FirstTestNgPackage.TC_Class1" name="tc02VerifyLaunchPage" time="0.408"/>
  <testcase classname="FirstTestNgPackage.TC_Class1" name="tc03EnterCredentials" time="2.236"/>
</testsuite> <!-- FirstTestNgPackage.TC_Class1 -->
