<?xml version="1.0" encoding="UTF-8"?>
<!-- Generated by org.testng.reporters.JUnitReportReporter -->
<testsuite hostname="LTPC0K7AG1" failures="0" tests="2" name="Parallelruning.ChromeFirstSession" time="18.879" errors="0" timestamp="30 Jul 2019 09:04:39 GMT" skipped="0">
  <testcase classname="Parallelruning.ChromeFirstSession" name="LaunchBrowserfirstSession1" time="9.673"/>
  <testcase classname="Parallelruning.ChromeFirstSession" name="LaunchBrowserfirstSession" time="9.206"/>
</testsuite> <!-- Parallelruning.ChromeFirstSession -->
